[03-Dec-2025 14:27:20] NOTICE: fpm is running, pid 73394
[03-Dec-2025 14:27:20] NOTICE: ready to handle connections
[03-Dec-2025 14:27:36] NOTICE: fpm is running, pid 73665
[03-Dec-2025 14:27:36] NOTICE: ready to handle connections
[03-Dec-2025 14:35:50] NOTICE: fpm is running, pid 77719
[03-Dec-2025 14:35:50] NOTICE: ready to handle connections
[03-Dec-2025 14:37:06] ERROR: unable to bind listening socket for address '127.0.0.1:10100': Address already in use (98)
[03-Dec-2025 14:37:06] ERROR: FPM initialization failed
[03-Dec-2025 14:50:48] NOTICE: fpm is running, pid 85435
[03-Dec-2025 14:50:48] NOTICE: ready to handle connections
[03-Dec-2025 14:51:35] NOTICE: fpm is running, pid 85814
[03-Dec-2025 14:51:35] NOTICE: ready to handle connections
[03-Dec-2025 14:56:23] NOTICE: fpm is running, pid 88427
[03-Dec-2025 14:56:23] NOTICE: ready to handle connections
[03-Dec-2025 15:24:25] NOTICE: fpm is running, pid 13899
[03-Dec-2025 15:24:25] NOTICE: ready to handle connections
[03-Dec-2025 15:47:07] NOTICE: fpm is running, pid 23906
[03-Dec-2025 15:47:07] NOTICE: ready to handle connections
[03-Dec-2025 16:16:57] NOTICE: fpm is running, pid 43313
[03-Dec-2025 16:16:57] NOTICE: ready to handle connections
[03-Dec-2025 16:19:43] NOTICE: fpm is running, pid 44236
[03-Dec-2025 16:19:43] NOTICE: ready to handle connections
[03-Dec-2025 16:20:53] NOTICE: fpm is running, pid 44687
[03-Dec-2025 16:20:53] NOTICE: ready to handle connections
[03-Dec-2025 16:23:19] NOTICE: fpm is running, pid 45630
[03-Dec-2025 16:23:19] NOTICE: ready to handle connections
[03-Dec-2025 16:23:23] ERROR: unable to bind listening socket for address '127.0.0.1:10099': Address already in use (98)
[03-Dec-2025 16:23:23] ERROR: FPM initialization failed
[03-Dec-2025 16:24:33] NOTICE: fpm is running, pid 46355
[03-Dec-2025 16:24:33] NOTICE: ready to handle connections
[03-Dec-2025 16:30:22] NOTICE: Terminating ...
[03-Dec-2025 16:30:22] NOTICE: exiting, bye-bye!
