[01-Dec-2025 09:43:33] NOTICE: [pool www] 'user' directive is ignored when FPM is not running as root
[01-Dec-2025 09:43:33] NOTICE: [pool www] 'group' directive is ignored when FPM is not running as root
[01-Dec-2025 09:43:33] ERROR: unable to bind listening socket for address '127.0.0.1:9099': Address already in use (98)
[01-Dec-2025 09:43:33] ERROR: FPM initialization failed
[01-Dec-2025 09:46:15] NOTICE: [pool www] 'user' directive is ignored when FPM is not running as root
[01-Dec-2025 09:46:15] NOTICE: [pool www] 'group' directive is ignored when FPM is not running as root
[01-Dec-2025 09:46:15] ERROR: unable to bind listening socket for address '127.0.0.1:9099': Address already in use (98)
[01-Dec-2025 09:46:15] ERROR: FPM initialization failed
[01-Dec-2025 09:51:41] NOTICE: [pool www] 'user' directive is ignored when FPM is not running as root
[01-Dec-2025 09:51:41] NOTICE: [pool www] 'group' directive is ignored when FPM is not running as root
[01-Dec-2025 09:51:41] ERROR: unable to bind listening socket for address '127.0.0.1:9099': Address already in use (98)
[01-Dec-2025 09:51:41] ERROR: FPM initialization failed
[01-Dec-2025 09:52:30] NOTICE: [pool www] 'user' directive is ignored when FPM is not running as root
[01-Dec-2025 09:52:30] NOTICE: [pool www] 'group' directive is ignored when FPM is not running as root
[01-Dec-2025 09:52:30] ERROR: unable to bind listening socket for address '127.0.0.1:9099': Address already in use (98)
[01-Dec-2025 09:52:30] ERROR: FPM initialization failed
[01-Dec-2025 09:56:30] NOTICE: [pool www] 'user' directive is ignored when FPM is not running as root
[01-Dec-2025 09:56:30] NOTICE: [pool www] 'group' directive is ignored when FPM is not running as root
[01-Dec-2025 09:56:30] ERROR: unable to bind listening socket for address '127.0.0.1:9099': Address already in use (98)
[01-Dec-2025 09:56:30] ERROR: FPM initialization failed
[01-Dec-2025 10:02:42] NOTICE: [pool www] 'user' directive is ignored when FPM is not running as root
[01-Dec-2025 10:02:42] NOTICE: [pool www] 'group' directive is ignored when FPM is not running as root
[01-Dec-2025 10:02:42] ERROR: unable to bind listening socket for address '127.0.0.1:9099': Address already in use (98)
[01-Dec-2025 10:02:42] ERROR: FPM initialization failed
[01-Dec-2025 10:19:03] NOTICE: [pool www] 'user' directive is ignored when FPM is not running as root
[01-Dec-2025 10:19:03] NOTICE: [pool www] 'group' directive is ignored when FPM is not running as root
[01-Dec-2025 10:19:03] ERROR: unable to bind listening socket for address '127.0.0.1:9099': Address already in use (98)
[01-Dec-2025 10:19:03] ERROR: FPM initialization failed
[01-Dec-2025 17:48:58] NOTICE: [pool www] 'user' directive is ignored when FPM is not running as root
[01-Dec-2025 17:48:58] NOTICE: [pool www] 'group' directive is ignored when FPM is not running as root
[01-Dec-2025 17:48:58] ERROR: unable to bind listening socket for address '127.0.0.1:9099': Address already in use (98)
[01-Dec-2025 17:48:58] ERROR: FPM initialization failed
[02-Dec-2025 09:12:55] NOTICE: [pool www] 'user' directive is ignored when FPM is not running as root
[02-Dec-2025 09:12:55] NOTICE: [pool www] 'group' directive is ignored when FPM is not running as root
[02-Dec-2025 09:12:55] ERROR: unable to bind listening socket for address '127.0.0.1:9099': Address already in use (98)
[02-Dec-2025 09:12:55] ERROR: FPM initialization failed
[02-Dec-2025 09:35:23] NOTICE: [pool www] 'user' directive is ignored when FPM is not running as root
[02-Dec-2025 09:35:23] NOTICE: [pool www] 'group' directive is ignored when FPM is not running as root
[02-Dec-2025 09:35:23] NOTICE: fpm is running, pid 86879
[02-Dec-2025 09:35:23] NOTICE: ready to handle connections
[02-Dec-2025 09:58:29] NOTICE: [pool www] 'user' directive is ignored when FPM is not running as root
[02-Dec-2025 09:58:29] NOTICE: [pool www] 'group' directive is ignored when FPM is not running as root
[02-Dec-2025 09:58:29] ERROR: unable to bind listening socket for address '127.0.0.1:9099': Address already in use (98)
[02-Dec-2025 09:58:29] ERROR: FPM initialization failed
[02-Dec-2025 09:59:29] NOTICE: [pool www] 'user' directive is ignored when FPM is not running as root
[02-Dec-2025 09:59:29] NOTICE: [pool www] 'group' directive is ignored when FPM is not running as root
[02-Dec-2025 09:59:29] NOTICE: fpm is running, pid 97716
[02-Dec-2025 09:59:29] NOTICE: ready to handle connections
[02-Dec-2025 10:09:01] ERROR: unable to bind listening socket for address '127.0.0.1:9099': Address already in use (98)
[02-Dec-2025 10:09:01] ERROR: FPM initialization failed
[02-Dec-2025 10:09:22] ERROR: unable to bind listening socket for address '127.0.0.1:9099': Address already in use (98)
[02-Dec-2025 10:09:22] ERROR: FPM initialization failed
[02-Dec-2025 10:09:37] NOTICE: fpm is running, pid 101294
[02-Dec-2025 10:09:37] NOTICE: ready to handle connections
[02-Dec-2025 10:10:42] ERROR: unable to bind listening socket for address '127.0.0.1:9099': Address already in use (98)
[02-Dec-2025 10:10:42] ERROR: FPM initialization failed
[02-Dec-2025 10:11:11] ERROR: unable to bind listening socket for address '127.0.0.1:9099': Address already in use (98)
[02-Dec-2025 10:11:11] ERROR: FPM initialization failed
[02-Dec-2025 10:12:07] NOTICE: fpm is running, pid 102182
[02-Dec-2025 10:12:07] NOTICE: ready to handle connections
[02-Dec-2025 10:21:59] ERROR: unable to bind listening socket for address '127.0.0.1:9099': Address already in use (98)
[02-Dec-2025 10:21:59] ERROR: FPM initialization failed
[02-Dec-2025 10:27:45] ERROR: unable to bind listening socket for address '127.0.0.1:9099': Address already in use (98)
[02-Dec-2025 10:27:45] ERROR: FPM initialization failed
[02-Dec-2025 10:31:16] NOTICE: fpm is running, pid 110563
[02-Dec-2025 10:31:16] NOTICE: ready to handle connections
[02-Dec-2025 10:39:53] NOTICE: fpm is running, pid 114001
[02-Dec-2025 10:39:53] NOTICE: ready to handle connections
[02-Dec-2025 10:40:35] NOTICE: fpm is running, pid 114353
[02-Dec-2025 10:40:35] NOTICE: ready to handle connections
[02-Dec-2025 11:08:30] NOTICE: fpm is running, pid 145320
[02-Dec-2025 11:08:30] NOTICE: ready to handle connections
[02-Dec-2025 11:10:15] NOTICE: fpm is running, pid 146165
[02-Dec-2025 11:10:15] NOTICE: ready to handle connections
[02-Dec-2025 13:12:49] NOTICE: fpm is running, pid 24482
[02-Dec-2025 13:12:49] NOTICE: ready to handle connections
[02-Dec-2025 13:13:14] NOTICE: fpm is running, pid 24778
[02-Dec-2025 13:13:14] NOTICE: ready to handle connections
[02-Dec-2025 13:24:13] NOTICE: fpm is running, pid 30201
[02-Dec-2025 13:24:13] NOTICE: ready to handle connections
[02-Dec-2025 13:26:44] NOTICE: fpm is running, pid 32954
[02-Dec-2025 13:26:44] NOTICE: ready to handle connections
[02-Dec-2025 13:32:10] NOTICE: fpm is running, pid 35013
[02-Dec-2025 13:32:10] NOTICE: ready to handle connections
[02-Dec-2025 13:33:52] NOTICE: fpm is running, pid 35491
[02-Dec-2025 13:33:52] NOTICE: ready to handle connections
[02-Dec-2025 13:34:10] NOTICE: fpm is running, pid 35724
[02-Dec-2025 13:34:10] NOTICE: ready to handle connections
[03-Dec-2025 10:24:00] NOTICE: fpm is running, pid 67977
[03-Dec-2025 10:24:00] NOTICE: ready to handle connections
[03-Dec-2025 10:43:10] NOTICE: fpm is running, pid 82991
[03-Dec-2025 10:43:10] NOTICE: ready to handle connections
[03-Dec-2025 10:43:19] NOTICE: fpm is running, pid 83063
[03-Dec-2025 10:43:19] NOTICE: ready to handle connections
[03-Dec-2025 10:46:33] NOTICE: fpm is running, pid 85570
[03-Dec-2025 10:46:33] NOTICE: ready to handle connections
[03-Dec-2025 10:46:37] NOTICE: fpm is running, pid 85608
[03-Dec-2025 10:46:37] NOTICE: ready to handle connections
[03-Dec-2025 10:49:22] NOTICE: fpm is running, pid 87366
[03-Dec-2025 10:49:22] NOTICE: ready to handle connections
[03-Dec-2025 10:50:41] NOTICE: fpm is running, pid 88233
[03-Dec-2025 10:50:41] NOTICE: ready to handle connections
[03-Dec-2025 10:51:34] NOTICE: fpm is running, pid 89709
[03-Dec-2025 10:51:34] NOTICE: ready to handle connections
